<?xml version="1.0" encoding="UTF-8"?>
<beans xmlns="http://www.springframework.org/schema/beans"
	xmlns:tx="http://www.springframework.org/schema/tx" xmlns:xsi="http://www.w3.org/2001/XMLSchema-instance"
	xmlns:jaxrs="http://cxf.apache.org/jaxrs" xmlns:context="http://www.springframework.org/schema/context"
	xmlns:aop="http://www.springframework.org/schema/aop" xmlns:jdbc="http://www.springframework.org/schema/jdbc"

	xsi:schemaLocation="
					http://www.springframework.org/schema/beans 
					http://www.springframework.org/schema/beans/spring-beans-4.0.xsd
					http://www.springframework.org/schema/context http://www.springframework.org/schema/context/spring-context-4.0.xsd
					http://cxf.apache.org/jaxrs
					http://cxf.apache.org/schemas/jaxrs.xsd
					http://www.springframework.org/schema/tx 
					http://www.springframework.org/schema/tx/spring-tx-4.0.xsd 
					http://www.springframework.org/schema/aop 
					http://www.springframework.org/schema/aop/spring-aop-4.0.xsd 
					http://www.springframework.org/schema/context  
					http://www.springframework.org/schema/context/spring-context-4.0.xsd
					http://www.springframework.org/schema/jdbc 
					http://www.springframework.org/schema/jdbc/spring-jdbc-4.0.xsd 
					">
	<import resource="classpath:META-INF/cxf/cxf.xml" />
	<tx:annotation-driven proxy-target-class="true" />

	<context:property-placeholder />
	<context:annotation-config />
	<bean
		class="org.springframework.web.context.support.ServletContextPropertyPlaceholderConfigurer" />
	<bean
		class="org.springframework.beans.factory.config.PreferencesPlaceholderConfigurer" />

	<jaxrs:server id="server" address="/" basePackages="${application.rootPackage}.rs">
		<jaxrs:providers>
			<bean class="org.codehaus.jackson.jaxrs.JacksonJsonProvider" />
			<bean class="${application.rootPackage}.rs.exception.ExceptionHandler" />
		</jaxrs:providers>
		<jaxrs:inInterceptors>
			<ref bean="MyInterceptor" />
		</jaxrs:inInterceptors>
	</jaxrs:server>
	<bean id="MyInterceptor" class="${application.rootPackage}.restclientes.BasicInterceptor" />

	<!-- <jaxrs:server id="services" address="/"> -->
	<!-- <jaxrs:serviceBeans> -->
	<!-- <bean class="${application.rootPackage}.rs.DepartamentoResources" /> -->
	<!-- <bean class="${application.rootPackage}.rs.EmpregadoResources" /> -->
	<!-- <bean class="${application.rootPackage}.rs.DependenteResources" /> -->
	<!-- </jaxrs:serviceBeans> -->
	<!-- <jaxrs:providers> -->
	<!-- <bean class="org.codehaus.jackson.jaxrs.JacksonJsonProvider" /> -->
	<!-- <bean class="${application.rootPackage}.rs.exception.ExceptionHandler" /> -->

	<!-- </jaxrs:providers> -->
	<!-- </jaxrs:server> -->
	<context:annotation-config />
	<context:component-scan base-package="${application.rootPackage}" />

	<jdbc:initialize-database ignore-failures="ALL">
		<jdbc:script location="classpath:db/seed.sql" />
	</jdbc:initialize-database>


	<!-- <bean id="dataSource" class="org.springframework.jndi.JndiObjectFactoryBean"> -->
	<!-- <property name="jndiName" value="${datasource}" /> -->
	<!-- <property name="resourceRef" value="true" /> -->
	<!-- </bean> -->


	<bean id="dataSource" class="com.mchange.v2.c3p0.ComboPooledDataSource"
		destroy-method="close">
		<property name="driverClass" value="org.postgresql.Driver" />
		<property name="jdbcUrl" value="jdbc:postgresql://localhost:5432/baseapp" />
		<property name="user" value="postgres" />
		<property name="password" value="sints" />

		<property name="acquireIncrement" value="10" />
		<property name="minPoolSize" value="10" />
		<property name="maxPoolSize" value="80" />
		<property name="maxIdleTime" value="200" />
	</bean>


	<bean id="transactionManager"
		class="org.springframework.orm.hibernate4.HibernateTransactionManager">
		<property name="sessionFactory" ref="sessionFactory" />
	</bean>

	<!-- <bean id="greetingService" class="com.gis.server.GreetingServiceImpl"/> -->
	<bean id="sessionFactory"
		class="org.springframework.orm.hibernate4.LocalSessionFactoryBean"
		scope="singleton">
		<property name="dataSource" ref="dataSource" />
		<property name="packagesToScan" value="${application.rootPackage}.model" />

		<property name="hibernateProperties">
			<props>
				<prop key="hibernate.dialect">org.hibernate.dialect.PostgreSQL82Dialect	</prop>
				<prop key="hibernate.format_sql">true</prop>
				<prop key="hibernate.show_sql">true</prop>
				<prop key="hibernate.hbm2ddl.auto">update</prop>
				<prop key="hibernate.transaction.flush_before_completion">true</prop>
			</props>
		</property>
	</bean>

</beans>